This is pdfTeX, Version 3.14159265-2.6-1.40.17 (TeX Live 2016/NixOS.org) (preloaded format=pdflatex 2017.3.20)  2 APR 2017 20:16
entering extended mode
 restricted \write18 enabled.
 file:line:error style messages enabled.
 %&-line parsing enabled.
**\input present.tex
(./present.tex
(/nix/store/x1z2fy2rifgpxpfkyfnciw8jjygsslvl-texlive-combined-medium-2016/share
/texmf/tex/latex/base/article.cls
Document Class: article 2014/09/29 v1.4h Standard LaTeX document class

(/nix/store/x1z2fy2rifgpxpfkyfnciw8jjygsslvl-texlive-combined-medium-2016/share
/texmf/tex/latex/base/size10.clo
File: size10.clo 2014/09/29 v1.4h Standard LaTeX file (size option)
)
\c@part=\count79
\c@section=\count80
\c@subsection=\count81
\c@subsubsection=\count82
\c@paragraph=\count83
\c@subparagraph=\count84
\c@figure=\count85
\c@table=\count86
\abovecaptionskip=\skip41
\belowcaptionskip=\skip42
\bibindent=\dimen102
)
(/nix/store/x1z2fy2rifgpxpfkyfnciw8jjygsslvl-texlive-combined-medium-2016/share
/texmf/tex/latex/graphics/graphicx.sty
Package: graphicx 2014/10/28 v1.0g Enhanced LaTeX Graphics (DPC,SPQR)

(/nix/store/x1z2fy2rifgpxpfkyfnciw8jjygsslvl-texlive-combined-medium-2016/share
/texmf/tex/latex/graphics/keyval.sty
Package: keyval 2014/10/28 v1.15 key=value parser (DPC)
\KV@toks@=\toks14
)
(/nix/store/x1z2fy2rifgpxpfkyfnciw8jjygsslvl-texlive-combined-medium-2016/share
/texmf/tex/latex/graphics/graphics.sty
Package: graphics 2016/06/02 v1.0s Standard LaTeX Graphics (DPC,SPQR)

(/nix/store/x1z2fy2rifgpxpfkyfnciw8jjygsslvl-texlive-combined-medium-2016/share
/texmf/tex/latex/graphics/trig.sty
Package: trig 2016/01/03 v1.10 sin cos tan (DPC)
)
(/nix/store/x1z2fy2rifgpxpfkyfnciw8jjygsslvl-texlive-combined-medium-2016/share
/texmf/tex/latex/graphics-cfg/graphics.cfg
File: graphics.cfg 2016/06/04 v1.11 sample graphics configuration
)
Package graphics Info: Driver file: pdftex.def on input line 99.

(/nix/store/x1z2fy2rifgpxpfkyfnciw8jjygsslvl-texlive-combined-medium-2016/share
/texmf/tex/latex/pdftex-def/pdftex.def
File: pdftex.def 2016/06/17 v0.06h Graphics/color for pdfTeX

(/nix/store/x1z2fy2rifgpxpfkyfnciw8jjygsslvl-texlive-combined-medium-2016/share
/texmf/tex/generic/oberdiek/infwarerr.sty
Package: infwarerr 2016/05/16 v1.4 Providing info/warning/error messages (HO)
)
(/nix/store/x1z2fy2rifgpxpfkyfnciw8jjygsslvl-texlive-combined-medium-2016/share
/texmf/tex/generic/oberdiek/ltxcmds.sty
Package: ltxcmds 2016/05/16 v1.23 LaTeX kernel commands for general use (HO)
)
\Gread@gobject=\count87
))
\Gin@req@height=\dimen103
\Gin@req@width=\dimen104
) (./present.aux)
\openout1 = `present.aux'.

LaTeX Font Info:    Checking defaults for OML/cmm/m/it on input line 6.
LaTeX Font Info:    ... okay on input line 6.
LaTeX Font Info:    Checking defaults for T1/cmr/m/n on input line 6.
LaTeX Font Info:    ... okay on input line 6.
LaTeX Font Info:    Checking defaults for OT1/cmr/m/n on input line 6.
LaTeX Font Info:    ... okay on input line 6.
LaTeX Font Info:    Checking defaults for OMS/cmsy/m/n on input line 6.
LaTeX Font Info:    ... okay on input line 6.
LaTeX Font Info:    Checking defaults for OMX/cmex/m/n on input line 6.
LaTeX Font Info:    ... okay on input line 6.
LaTeX Font Info:    Checking defaults for U/cmr/m/n on input line 6.
LaTeX Font Info:    ... okay on input line 6.

(/nix/store/x1z2fy2rifgpxpfkyfnciw8jjygsslvl-texlive-combined-medium-2016/share
/texmf/tex/context/base/mkii/supp-pdf.mkii
[Loading MPS to PDF converter (version 2006.09.02).]
\scratchcounter=\count88
\scratchdimen=\dimen105
\scratchbox=\box26
\nofMPsegments=\count89
\nofMParguments=\count90
\everyMPshowfont=\toks15
\MPscratchCnt=\count91
\MPscratchDim=\dimen106
\MPnumerator=\count92
\makeMPintoPDFobject=\count93
\everyMPtoPDFconversion=\toks16
)
(/nix/store/x1z2fy2rifgpxpfkyfnciw8jjygsslvl-texlive-combined-medium-2016/share
/texmf/tex/generic/oberdiek/pdftexcmds.sty
Package: pdftexcmds 2016/05/21 v0.22 Utility functions of pdfTeX for LuaTeX (HO
)

(/nix/store/x1z2fy2rifgpxpfkyfnciw8jjygsslvl-texlive-combined-medium-2016/share
/texmf/tex/generic/oberdiek/ifluatex.sty
Package: ifluatex 2016/05/16 v1.4 Provides the ifluatex switch (HO)
Package ifluatex Info: LuaTeX not detected.
)
(/nix/store/x1z2fy2rifgpxpfkyfnciw8jjygsslvl-texlive-combined-medium-2016/share
/texmf/tex/generic/oberdiek/ifpdf.sty
Package: ifpdf 2016/05/14 v3.1 Provides the ifpdf switch
)
Package pdftexcmds Info: LuaTeX not detected.
Package pdftexcmds Info: \pdf@primitive is available.
Package pdftexcmds Info: \pdf@ifprimitive is available.
Package pdftexcmds Info: \pdfdraftmode found.
)
(/nix/store/x1z2fy2rifgpxpfkyfnciw8jjygsslvl-texlive-combined-medium-2016/share
/texmf/tex/latex/oberdiek/epstopdf-base.sty
Package: epstopdf-base 2016/05/15 v2.6 Base part for package epstopdf

(/nix/store/x1z2fy2rifgpxpfkyfnciw8jjygsslvl-texlive-combined-medium-2016/share
/texmf/tex/latex/oberdiek/grfext.sty
Package: grfext 2016/05/16 v1.2 Manage graphics extensions (HO)

(/nix/store/x1z2fy2rifgpxpfkyfnciw8jjygsslvl-texlive-combined-medium-2016/share
/texmf/tex/generic/oberdiek/kvdefinekeys.sty
Package: kvdefinekeys 2016/05/16 v1.4 Define keys (HO)
))
(/nix/store/x1z2fy2rifgpxpfkyfnciw8jjygsslvl-texlive-combined-medium-2016/share
/texmf/tex/latex/oberdiek/kvoptions.sty
Package: kvoptions 2016/05/16 v3.12 Key value format for package options (HO)

(/nix/store/x1z2fy2rifgpxpfkyfnciw8jjygsslvl-texlive-combined-medium-2016/share
/texmf/tex/generic/oberdiek/kvsetkeys.sty
Package: kvsetkeys 2016/05/16 v1.17 Key value parser (HO)

(/nix/store/x1z2fy2rifgpxpfkyfnciw8jjygsslvl-texlive-combined-medium-2016/share
/texmf/tex/generic/oberdiek/etexcmds.sty
Package: etexcmds 2016/05/16 v1.6 Avoid name clashes with e-TeX commands (HO)
Package etexcmds Info: Could not find \expanded.
(etexcmds)             That can mean that you are not using pdfTeX 1.50 or
(etexcmds)             that some package has redefined \expanded.
(etexcmds)             In the latter case, load this package earlier.
)))
Package epstopdf-base Info: Redefining graphics rule for `.eps' on input line 4
38.
Package grfext Info: Graphics extension search list:
(grfext)             [.png,.pdf,.jpg,.mps,.jpeg,.jbig2,.jb2,.PNG,.PDF,.JPG,.JPE
G,.JBIG2,.JB2,.eps]
(grfext)             \AppendGraphicsExtensions on input line 456.

(/nix/store/x1z2fy2rifgpxpfkyfnciw8jjygsslvl-texlive-combined-medium-2016/share
/texmf/tex/latex/latexconfig/epstopdf-sys.cfg
File: epstopdf-sys.cfg 2010/07/13 v1.3 Configuration of (r)epstopdf for TeX Liv
e
))
<moorhen1.png, id=1, 1927.2pt x 1084.05pt>
File: moorhen1.png Graphic file (type png)
 <use moorhen1.png>
Package pdftex.def Info: moorhen1.png used on input line 16.
(pdftex.def)             Requested size: 345.0pt x 194.06194pt.
LaTeX Font Info:    Try loading font information for OMS+cmr on input line 22.

(/nix/store/x1z2fy2rifgpxpfkyfnciw8jjygsslvl-texlive-combined-medium-2016/share
/texmf/tex/latex/base/omscmr.fd
File: omscmr.fd 2014/09/29 v2.5h Standard LaTeX font definitions
)
LaTeX Font Info:    Font shape `OMS/cmr/m/n' in size <10> not available
(Font)              Font shape `OMS/cmsy/m/n' tried instead on input line 22.
 [1

{/nix/store/x1z2fy2rifgpxpfkyfnciw8jjygsslvl-texlive-combined-medium-2016/share
/texmf/fonts/map/pdftex/updmap/pdftex.map} <./moorhen1.png>]
Underfull \hbox (badness 10000) in paragraph at lines 32--33

 []

LaTeX Font Info:    External font `cmex10' loaded for size
(Font)              <7> on input line 46.
LaTeX Font Info:    External font `cmex10' loaded for size
(Font)              <5> on input line 46.
[2] (./present.aux) ) 
Here is how much of TeX's memory you used:
 1503 strings out of 494062
 24295 string characters out of 6137165
 77159 words of memory out of 5000000
 4887 multiletter control sequences out of 15000+600000
 5685 words of font info for 21 fonts, out of 8000000 for 9000
 470 hyphenation exceptions out of 8191
 40i,5n,25p,286b,226s stack positions out of 5000i,500n,10000p,200000b,80000s
</nix/store/x1z2fy2rifgpxpfkyfnciw8jjygsslvl-texlive-combi
ned-medium-2016/share/texmf/fonts/type1/public/amsfonts/cm/cmbx12.pfb></nix/sto
re/x1z2fy2rifgpxpfkyfnciw8jjygsslvl-texlive-combined-medium-2016/share/texmf/fo
nts/type1/public/amsfonts/cm/cmbxti10.pfb></nix/store/x1z2fy2rifgpxpfkyfnciw8jj
ygsslvl-texlive-combined-medium-2016/share/texmf/fonts/type1/public/amsfonts/cm
/cmmi10.pfb></nix/store/x1z2fy2rifgpxpfkyfnciw8jjygsslvl-texlive-combined-mediu
m-2016/share/texmf/fonts/type1/public/amsfonts/cm/cmmi7.pfb></nix/store/x1z2fy2
rifgpxpfkyfnciw8jjygsslvl-texlive-combined-medium-2016/share/texmf/fonts/type1/
public/amsfonts/cm/cmr10.pfb></nix/store/x1z2fy2rifgpxpfkyfnciw8jjygsslvl-texli
ve-combined-medium-2016/share/texmf/fonts/type1/public/amsfonts/cm/cmr7.pfb></n
ix/store/x1z2fy2rifgpxpfkyfnciw8jjygsslvl-texlive-combined-medium-2016/share/te
xmf/fonts/type1/public/amsfonts/cm/cmsy10.pfb></nix/store/x1z2fy2rifgpxpfkyfnci
w8jjygsslvl-texlive-combined-medium-2016/share/texmf/fonts/type1/public/amsfont
s/cm/cmtt10.pfb>
Output written on present.pdf (2 pages, 111577 bytes).
PDF statistics:
 44 PDF objects out of 1000 (max. 8388607)
 30 compressed objects within 1 object stream
 0 named destinations out of 1000 (max. 500000)
 6 words of extra memory for PDF output out of 10000 (max. 10000000)

